\BOOKMARK [1][-]{section.1}{Big Picture}{}% 1
\BOOKMARK [2][-]{subsection.1.1}{General Setup}{section.1}% 2
\BOOKMARK [2][-]{subsection.1.2}{Information on Q and Z}{section.1}% 3
\BOOKMARK [2][-]{subsection.1.3}{Complex Structures \(on S6\)}{section.1}% 4
\BOOKMARK [1][-]{section.2}{Other Questions}{}% 5
\BOOKMARK [1][-]{section.3}{Geometric Description of the G2 Flag Manifolds}{}% 6
\BOOKMARK [1][-]{section.4}{Nearly K\344hler Structures}{}% 7
\BOOKMARK [1][-]{section.5}{Homogeneous and Symmetric Spaces; Riemannian Submersions}{}% 8
\BOOKMARK [1][-]{section.6}{Einstein Metrics?}{}% 9
\BOOKMARK [1][-]{section.7}{Hirzebruch's 2005 Paper}{}% 10
\BOOKMARK [1][-]{section.8}{Salamon's Notes on Harmonic and Holomorphic Maps}{}% 11
\BOOKMARK [2][-]{subsection.8.1}{Almost Hermitian Manifolds}{section.8}% 12
\BOOKMARK [2][-]{subsection.8.2}{Bundles of Complex Structures}{section.8}% 13
\BOOKMARK [2][-]{subsection.8.3}{Symmetric Spaces}{section.8}% 14
\BOOKMARK [2][-]{subsection.8.4}{K\344hler Geometry}{section.8}% 15
\BOOKMARK [1][-]{section.9}{Salamon's Paper ``Quaternionic K\344hler Manifolds''}{}% 16
\BOOKMARK [2][-]{subsubsection.9.0.1}{Personal Preliminary Notes}{section.9}% 17
\BOOKMARK [2][-]{subsection.9.1}{Preliminaries}{section.9}% 18
\BOOKMARK [2][-]{subsection.9.2}{The Coefficient Bundle}{section.9}% 19
\BOOKMARK [2][-]{subsection.9.3}{Curvature}{section.9}% 20
\BOOKMARK [2][-]{subsection.9.4}{The Twistor Space}{section.9}% 21
\BOOKMARK [2][-]{subsection.9.5}{Examples}{section.9}% 22
\BOOKMARK [2][-]{subsection.9.6}{Positive Scalar Curvature}{section.9}% 23
\BOOKMARK [2][-]{subsection.9.7}{Low Dimensions}{section.9}% 24
