\BOOKMARK [1][-]{section.1}{Manifolds Related to the PSK Manifolds Complex Hyperbolic Space}{}% 1
\BOOKMARK [2][-]{subsection.1.1}{The Conical Affine Special K\344hler Manifold}{section.1}% 2
\BOOKMARK [2][-]{subsection.1.2}{The Hyper-K\344hler Manifold}{section.1}% 3
\BOOKMARK [2][-]{subsection.1.3}{Tensors Involved in the HK/QK Correspondence}{section.1}% 4
\BOOKMARK [2][-]{subsection.1.4}{Deriving the QK Metric Through the HK/QK Correspondence; Undeformed Case}{section.1}% 5
\BOOKMARK [2][-]{subsection.1.5}{The One-Loop Deformation}{section.1}% 6
\BOOKMARK [1][-]{section.2}{The Supergravity c-Map}{}% 7
\BOOKMARK [2][-]{subsection.2.1}{General Setup}{section.2}% 8
\BOOKMARK [2][-]{subsection.2.2}{Basic Expressions for the Fiber G}{section.2}% 9
\BOOKMARK [1][-]{section.3}{Isometries of the Undeformed Ferrara-Sabharwal Metric}{}% 10
\BOOKMARK [2][-]{subsection.3.1}{The Unit Ball as a Homogeneous Space}{section.3}% 11
\BOOKMARK [2][-]{subsection.3.2}{The Unit Ball as a Lie Group}{section.3}% 12
\BOOKMARK [2][-]{subsection.3.3}{The Group Structure of the c-map Image}{section.3}% 13
\BOOKMARK [2][-]{subsection.3.4}{Homogeneity of the Metric \(n=1\)}{section.3}% 14
\BOOKMARK [3][-]{subsubsection.3.4.1}{Choosing the Correct Base Transformation}{subsection.3.4}% 15
\BOOKMARK [3][-]{subsubsection.3.4.2}{The Extension to All of SU\(1,1\)}{subsection.3.4}% 16
\BOOKMARK [1][-]{section.4}{Isometries of the One-Loop Deformed Metric}{}% 17
\BOOKMARK [2][-]{subsection.4.1}{The Unbroken Subgroup of Isometries \(n=1\)}{section.4}% 18
\BOOKMARK [2][-]{subsection.4.2}{Determining the Cohomogeneity}{section.4}% 19
\BOOKMARK [3][-]{subsubsection.4.2.1}{Pointwise methods}{subsection.4.2}% 20
\BOOKMARK [3][-]{subsubsection.4.2.2}{Using the HK/QK Correspondence}{subsection.4.2}% 21
\BOOKMARK [1][-]{section.5}{Twists and the HK/QK Correspondence}{}% 22
\BOOKMARK [1][-]{section.6}{The Twist Construction}{}% 23
