\BOOKMARK [1][-]{section.1}{General Setup}{}% 1
\BOOKMARK [2][-]{subsection.1.1}{Basic Expressions for the Fiber G}{section.1}% 2
\BOOKMARK [1][-]{section.2}{The Undeformed FS Metric for Complex Hyperbolic Space}{}% 3
\BOOKMARK [2][-]{subsection.2.1}{The Unit Ball as a Homogeneous Space and as a Lie Group}{section.2}% 4
\BOOKMARK [3][-]{subsubsection.2.1.1}{The Unit Ball as a Homogeneous Space}{subsection.2.1}% 5
\BOOKMARK [3][-]{subsubsection.2.1.2}{The Unit Ball as a Lie Group}{subsection.2.1}% 6
\BOOKMARK [2][-]{subsection.2.2}{The Riemannian Structure of the c-map Image of Complex Hyperbolic Space}{section.2}% 7
\BOOKMARK [2][-]{subsection.2.3}{The Group Structure of the c-map Image}{section.2}% 8
\BOOKMARK [2][-]{subsection.2.4}{Checking Invariance of the Metric \(n=1\)}{section.2}% 9
\BOOKMARK [3][-]{subsubsection.2.4.1}{Choosing the Correct Base Transformation}{subsection.2.4}% 10
\BOOKMARK [3][-]{subsubsection.2.4.2}{The Extension to All of SU\(1,1\)}{subsection.2.4}% 11
\BOOKMARK [1][-]{section.3}{The One-Loop Deformed Metric}{}% 12
\BOOKMARK [2][-]{subsection.3.1}{The Unbroken Subgroup of Isometries \(n=1\)}{section.3}% 13
\BOOKMARK [1][-]{section.4}{Next steps to find out more about the deformed isometry group}{}% 14
\BOOKMARK [2][-]{subsection.4.1}{Pointwise methods}{section.4}% 15
\BOOKMARK [2][-]{subsection.4.2}{Using the HK/QK Correspondence}{section.4}% 16
\BOOKMARK [1][-]{section.5}{Manifolds Related to the PSK Manifolds Complex Hyperbolic Space}{}% 17
\BOOKMARK [2][-]{subsection.5.1}{The Conical Affine Special K\344hler Manifold}{section.5}% 18
\BOOKMARK [2][-]{subsection.5.2}{The Hyper-K\344hler Manifold}{section.5}% 19
\BOOKMARK [2][-]{subsection.5.3}{Explicit Computation of the HK/QK Correspondence}{section.5}% 20
\BOOKMARK [3][-]{subsubsection.5.3.1}{The Set-Up}{subsection.5.3}% 21
\BOOKMARK [3][-]{subsubsection.5.3.2}{The QK Metric; Undeformed Case}{subsection.5.3}% 22
